{"/Users/user/work/lumi-web-core/src/class/Core.js": {"path":"/Users/user/work/lumi-web-core/src/class/Core.js","statementMap":{"0":{"start":{"line":21,"column":41},"end":{"line":21,"column":45}},"1":{"start":{"line":22,"column":4},"end":{"line":22,"column":20}},"2":{"start":{"line":23,"column":4},"end":{"line":23,"column":22}},"3":{"start":{"line":24,"column":4},"end":{"line":24,"column":28}},"4":{"start":{"line":25,"column":4},"end":{"line":25,"column":19}},"5":{"start":{"line":26,"column":4},"end":{"line":26,"column":20}},"6":{"start":{"line":27,"column":4},"end":{"line":27,"column":21}},"7":{"start":{"line":28,"column":4},"end":{"line":32,"column":5}},"8":{"start":{"line":33,"column":4},"end":{"line":38,"column":5}},"9":{"start":{"line":39,"column":4},"end":{"line":43,"column":5}},"10":{"start":{"line":45,"column":4},"end":{"line":45,"column":25}},"11":{"start":{"line":54,"column":4},"end":{"line":66,"column":5}},"12":{"start":{"line":56,"column":8},"end":{"line":56,"column":35}},"13":{"start":{"line":57,"column":8},"end":{"line":57,"column":13}},"14":{"start":{"line":59,"column":8},"end":{"line":59,"column":32}},"15":{"start":{"line":60,"column":8},"end":{"line":60,"column":13}},"16":{"start":{"line":62,"column":8},"end":{"line":62,"column":27}},"17":{"start":{"line":63,"column":8},"end":{"line":63,"column":13}},"18":{"start":{"line":65,"column":8},"end":{"line":65,"column":35}},"19":{"start":{"line":68,"column":4},"end":{"line":68,"column":27}},"20":{"start":{"line":69,"column":4},"end":{"line":69,"column":27}},"21":{"start":{"line":70,"column":4},"end":{"line":70,"column":27}},"22":{"start":{"line":80,"column":20},"end":{"line":80,"column":54}},"23":{"start":{"line":81,"column":4},"end":{"line":81,"column":50}},"24":{"start":{"line":82,"column":4},"end":{"line":82,"column":50}},"25":{"start":{"line":83,"column":4},"end":{"line":83,"column":43}},"26":{"start":{"line":84,"column":4},"end":{"line":84,"column":40}},"27":{"start":{"line":93,"column":4},"end":{"line":93,"column":44}},"28":{"start":{"line":95,"column":4},"end":{"line":97,"column":5}},"29":{"start":{"line":96,"column":6},"end":{"line":96,"column":48}},"30":{"start":{"line":99,"column":4},"end":{"line":99,"column":50}},"31":{"start":{"line":100,"column":4},"end":{"line":100,"column":43}},"32":{"start":{"line":101,"column":4},"end":{"line":101,"column":40}},"33":{"start":{"line":110,"column":4},"end":{"line":110,"column":43}},"34":{"start":{"line":121,"column":34},"end":{"line":121,"column":52}},"35":{"start":{"line":122,"column":34},"end":{"line":122,"column":52}},"36":{"start":{"line":123,"column":4},"end":{"line":123,"column":74}},"37":{"start":{"line":124,"column":4},"end":{"line":124,"column":74}},"38":{"start":{"line":125,"column":4},"end":{"line":125,"column":67}},"39":{"start":{"line":136,"column":26},"end":{"line":136,"column":47}},"40":{"start":{"line":137,"column":4},"end":{"line":137,"column":58}},"41":{"start":{"line":138,"column":4},"end":{"line":138,"column":62}},"42":{"start":{"line":139,"column":4},"end":{"line":139,"column":71}},"43":{"start":{"line":140,"column":4},"end":{"line":140,"column":66}},"44":{"start":{"line":141,"column":4},"end":{"line":141,"column":61}},"45":{"start":{"line":152,"column":38},"end":{"line":152,"column":58}},"46":{"start":{"line":153,"column":38},"end":{"line":153,"column":58}},"47":{"start":{"line":154,"column":4},"end":{"line":154,"column":78}},"48":{"start":{"line":155,"column":4},"end":{"line":155,"column":78}},"49":{"start":{"line":156,"column":4},"end":{"line":156,"column":67}},"50":{"start":{"line":169,"column":27},"end":{"line":169,"column":31}},"51":{"start":{"line":171,"column":4},"end":{"line":171,"column":16}},"52":{"start":{"line":172,"column":4},"end":{"line":172,"column":12}},"53":{"start":{"line":174,"column":4},"end":{"line":176,"column":5}},"54":{"start":{"line":175,"column":6},"end":{"line":175,"column":56}},"55":{"start":{"line":178,"column":4},"end":{"line":205,"column":5}},"56":{"start":{"line":179,"column":19},"end":{"line":179,"column":48}},"57":{"start":{"line":181,"column":17},"end":{"line":187,"column":7}},"58":{"start":{"line":189,"column":6},"end":{"line":199,"column":7}},"59":{"start":{"line":189,"column":19},"end":{"line":189,"column":23}},"60":{"start":{"line":190,"column":22},"end":{"line":190,"column":24}},"61":{"start":{"line":191,"column":28},"end":{"line":191,"column":47}},"62":{"start":{"line":192,"column":8},"end":{"line":192,"column":39}},"63":{"start":{"line":193,"column":8},"end":{"line":193,"column":71}},"64":{"start":{"line":194,"column":8},"end":{"line":194,"column":63}},"65":{"start":{"line":195,"column":8},"end":{"line":195,"column":54}},"66":{"start":{"line":196,"column":8},"end":{"line":196,"column":64}},"67":{"start":{"line":197,"column":8},"end":{"line":197,"column":64}},"68":{"start":{"line":198,"column":8},"end":{"line":198,"column":29}},"69":{"start":{"line":201,"column":6},"end":{"line":201,"column":17}},"70":{"start":{"line":204,"column":6},"end":{"line":204,"column":50}},"71":{"start":{"line":215,"column":16},"end":{"line":215,"column":35}},"72":{"start":{"line":216,"column":19},"end":{"line":216,"column":21}},"73":{"start":{"line":218,"column":4},"end":{"line":222,"column":6}},"74":{"start":{"line":219,"column":6},"end":{"line":221,"column":7}},"75":{"start":{"line":220,"column":8},"end":{"line":220,"column":28}},"76":{"start":{"line":224,"column":4},"end":{"line":226,"column":5}},"77":{"start":{"line":225,"column":6},"end":{"line":225,"column":48}},"78":{"start":{"line":228,"column":4},"end":{"line":228,"column":37}},"79":{"start":{"line":239,"column":24},"end":{"line":245,"column":5}},"80":{"start":{"line":247,"column":4},"end":{"line":249,"column":5}},"81":{"start":{"line":248,"column":6},"end":{"line":248,"column":41}},"82":{"start":{"line":251,"column":4},"end":{"line":251,"column":31}},"83":{"start":{"line":255,"column":4},"end":{"line":265,"column":5}}},"fnMap":{"0":{"name":"(anonymous_0)","decl":{"start":{"line":20,"column":2},"end":{"line":20,"column":3}},"loc":{"start":{"line":20,"column":21},"end":{"line":46,"column":3}},"line":20},"1":{"name":"(anonymous_1)","decl":{"start":{"line":53,"column":2},"end":{"line":53,"column":3}},"loc":{"start":{"line":53,"column":20},"end":{"line":71,"column":3}},"line":53},"2":{"name":"(anonymous_2)","decl":{"start":{"line":79,"column":2},"end":{"line":79,"column":3}},"loc":{"start":{"line":79,"column":26},"end":{"line":85,"column":3}},"line":79},"3":{"name":"(anonymous_3)","decl":{"start":{"line":92,"column":2},"end":{"line":92,"column":3}},"loc":{"start":{"line":92,"column":23},"end":{"line":102,"column":3}},"line":92},"4":{"name":"(anonymous_4)","decl":{"start":{"line":109,"column":2},"end":{"line":109,"column":3}},"loc":{"start":{"line":109,"column":18},"end":{"line":111,"column":3}},"line":109},"5":{"name":"(anonymous_5)","decl":{"start":{"line":120,"column":2},"end":{"line":120,"column":3}},"loc":{"start":{"line":120,"column":22},"end":{"line":126,"column":3}},"line":120},"6":{"name":"(anonymous_6)","decl":{"start":{"line":135,"column":2},"end":{"line":135,"column":3}},"loc":{"start":{"line":135,"column":22},"end":{"line":142,"column":3}},"line":135},"7":{"name":"(anonymous_7)","decl":{"start":{"line":151,"column":2},"end":{"line":151,"column":3}},"loc":{"start":{"line":151,"column":22},"end":{"line":157,"column":3}},"line":151},"8":{"name":"(anonymous_8)","decl":{"start":{"line":168,"column":2},"end":{"line":168,"column":3}},"loc":{"start":{"line":168,"column":28},"end":{"line":206,"column":3}},"line":168},"9":{"name":"(anonymous_9)","decl":{"start":{"line":214,"column":2},"end":{"line":214,"column":3}},"loc":{"start":{"line":214,"column":27},"end":{"line":229,"column":3}},"line":214},"10":{"name":"(anonymous_10)","decl":{"start":{"line":218,"column":18},"end":{"line":218,"column":19}},"loc":{"start":{"line":218,"column":35},"end":{"line":222,"column":5}},"line":218},"11":{"name":"(anonymous_11)","decl":{"start":{"line":238,"column":2},"end":{"line":238,"column":3}},"loc":{"start":{"line":238,"column":28},"end":{"line":252,"column":3}},"line":238},"12":{"name":"(anonymous_12)","decl":{"start":{"line":254,"column":2},"end":{"line":254,"column":3}},"loc":{"start":{"line":254,"column":14},"end":{"line":266,"column":3}},"line":254}},"branchMap":{"0":{"loc":{"start":{"line":54,"column":4},"end":{"line":66,"column":5}},"type":"switch","locations":[{"start":{"line":55,"column":6},"end":{"line":57,"column":13}},{"start":{"line":58,"column":6},"end":{"line":60,"column":13}},{"start":{"line":61,"column":6},"end":{"line":63,"column":13}},{"start":{"line":64,"column":6},"end":{"line":65,"column":35}}],"line":54},"1":{"loc":{"start":{"line":95,"column":4},"end":{"line":97,"column":5}},"type":"if","locations":[{"start":{"line":95,"column":4},"end":{"line":97,"column":5}},{"start":{"line":95,"column":4},"end":{"line":97,"column":5}}],"line":95},"2":{"loc":{"start":{"line":168,"column":17},"end":{"line":168,"column":26}},"type":"default-arg","locations":[{"start":{"line":168,"column":24},"end":{"line":168,"column":26}}],"line":168},"3":{"loc":{"start":{"line":174,"column":4},"end":{"line":176,"column":5}},"type":"if","locations":[{"start":{"line":174,"column":4},"end":{"line":176,"column":5}},{"start":{"line":174,"column":4},"end":{"line":176,"column":5}}],"line":174},"4":{"loc":{"start":{"line":174,"column":8},"end":{"line":174,"column":69}},"type":"binary-expr","locations":[{"start":{"line":174,"column":8},"end":{"line":174,"column":31}},{"start":{"line":174,"column":35},"end":{"line":174,"column":56}},{"start":{"line":174,"column":60},"end":{"line":174,"column":69}}],"line":174},"5":{"loc":{"start":{"line":219,"column":6},"end":{"line":221,"column":7}},"type":"if","locations":[{"start":{"line":219,"column":6},"end":{"line":221,"column":7}},{"start":{"line":219,"column":6},"end":{"line":221,"column":7}}],"line":219},"6":{"loc":{"start":{"line":224,"column":4},"end":{"line":226,"column":5}},"type":"if","locations":[{"start":{"line":224,"column":4},"end":{"line":226,"column":5}},{"start":{"line":224,"column":4},"end":{"line":226,"column":5}}],"line":224},"7":{"loc":{"start":{"line":247,"column":4},"end":{"line":249,"column":5}},"type":"if","locations":[{"start":{"line":247,"column":4},"end":{"line":249,"column":5}},{"start":{"line":247,"column":4},"end":{"line":249,"column":5}}],"line":247},"8":{"loc":{"start":{"line":261,"column":17},"end":{"line":261,"column":61}},"type":"cond-expr","locations":[{"start":{"line":261,"column":29},"end":{"line":261,"column":54}},{"start":{"line":261,"column":57},"end":{"line":261,"column":61}}],"line":261}},"s":{"0":2,"1":2,"2":2,"3":2,"4":2,"5":2,"6":2,"7":2,"8":2,"9":2,"10":2,"11":2,"12":0,"13":0,"14":2,"15":1,"16":0,"17":0,"18":0,"19":1,"20":1,"21":1,"22":0,"23":0,"24":0,"25":0,"26":0,"27":2,"28":2,"29":0,"30":1,"31":1,"32":1,"33":0,"34":1,"35":1,"36":1,"37":1,"38":1,"39":1,"40":1,"41":1,"42":1,"43":1,"44":1,"45":1,"46":1,"47":1,"48":1,"49":1,"50":0,"51":0,"52":0,"53":0,"54":0,"55":0,"56":0,"57":0,"58":0,"59":0,"60":0,"61":0,"62":0,"63":0,"64":0,"65":0,"66":0,"67":0,"68":0,"69":0,"70":0,"71":2,"72":2,"73":2,"74":13,"75":1,"76":2,"77":1,"78":1,"79":0,"80":0,"81":0,"82":0,"83":0},"f":{"0":2,"1":2,"2":0,"3":2,"4":0,"5":1,"6":1,"7":1,"8":0,"9":2,"10":13,"11":0,"12":0},"b":{"0":[0,2,0,0],"1":[0,1],"2":[0],"3":[0,0],"4":[0,0,0],"5":[1,12],"6":[1,1],"7":[0,0],"8":[0,0]},"_coverageSchema":"1a1c01bbd47fc00a2c39e90264f33305004495a9","hash":"c1a61ff0661e76025c0874881a0e4de55d12d05d"}
,"/Users/user/work/lumi-web-core/src/helpers/coreHelper.js": {"path":"/Users/user/work/lumi-web-core/src/helpers/coreHelper.js","statementMap":{"0":{"start":{"line":19,"column":2},"end":{"line":25,"column":3}},"1":{"start":{"line":20,"column":4},"end":{"line":20,"column":48}},"2":{"start":{"line":23,"column":4},"end":{"line":23,"column":18}},"3":{"start":{"line":24,"column":4},"end":{"line":24,"column":45}},"4":{"start":{"line":34,"column":2},"end":{"line":40,"column":3}},"5":{"start":{"line":35,"column":4},"end":{"line":35,"column":45}},"6":{"start":{"line":38,"column":4},"end":{"line":38,"column":18}},"7":{"start":{"line":39,"column":4},"end":{"line":39,"column":46}},"8":{"start":{"line":49,"column":2},"end":{"line":55,"column":3}},"9":{"start":{"line":50,"column":4},"end":{"line":50,"column":44}},"10":{"start":{"line":53,"column":4},"end":{"line":53,"column":18}},"11":{"start":{"line":54,"column":4},"end":{"line":54,"column":46}},"12":{"start":{"line":64,"column":2},"end":{"line":70,"column":3}},"13":{"start":{"line":65,"column":4},"end":{"line":65,"column":37}},"14":{"start":{"line":68,"column":4},"end":{"line":68,"column":18}},"15":{"start":{"line":69,"column":4},"end":{"line":69,"column":42}},"16":{"start":{"line":80,"column":2},"end":{"line":86,"column":3}},"17":{"start":{"line":81,"column":4},"end":{"line":81,"column":38}},"18":{"start":{"line":84,"column":4},"end":{"line":84,"column":18}},"19":{"start":{"line":85,"column":4},"end":{"line":85,"column":42}},"20":{"start":{"line":95,"column":2},"end":{"line":101,"column":3}},"21":{"start":{"line":96,"column":4},"end":{"line":96,"column":32}},"22":{"start":{"line":99,"column":4},"end":{"line":99,"column":18}},"23":{"start":{"line":100,"column":4},"end":{"line":100,"column":43}},"24":{"start":{"line":112,"column":2},"end":{"line":114,"column":3}},"25":{"start":{"line":113,"column":4},"end":{"line":113,"column":54}},"26":{"start":{"line":116,"column":2},"end":{"line":118,"column":3}},"27":{"start":{"line":117,"column":4},"end":{"line":117,"column":53}},"28":{"start":{"line":120,"column":14},"end":{"line":120,"column":59}},"29":{"start":{"line":122,"column":2},"end":{"line":124,"column":3}},"30":{"start":{"line":123,"column":4},"end":{"line":123,"column":53}},"31":{"start":{"line":126,"column":2},"end":{"line":132,"column":3}},"32":{"start":{"line":127,"column":4},"end":{"line":127,"column":26}},"33":{"start":{"line":130,"column":4},"end":{"line":130,"column":18}},"34":{"start":{"line":131,"column":4},"end":{"line":131,"column":48}},"35":{"start":{"line":143,"column":2},"end":{"line":153,"column":3}},"36":{"start":{"line":144,"column":17},"end":{"line":144,"column":55}},"37":{"start":{"line":146,"column":4},"end":{"line":148,"column":14}},"38":{"start":{"line":151,"column":4},"end":{"line":151,"column":18}},"39":{"start":{"line":152,"column":4},"end":{"line":152,"column":49}},"40":{"start":{"line":163,"column":2},"end":{"line":169,"column":3}},"41":{"start":{"line":164,"column":4},"end":{"line":164,"column":27}},"42":{"start":{"line":167,"column":4},"end":{"line":167,"column":18}},"43":{"start":{"line":168,"column":4},"end":{"line":168,"column":46}},"44":{"start":{"line":179,"column":2},"end":{"line":185,"column":3}},"45":{"start":{"line":180,"column":4},"end":{"line":180,"column":46}},"46":{"start":{"line":183,"column":4},"end":{"line":183,"column":18}},"47":{"start":{"line":184,"column":4},"end":{"line":184,"column":53}},"48":{"start":{"line":195,"column":2},"end":{"line":204,"column":3}},"49":{"start":{"line":196,"column":21},"end":{"line":198,"column":22}},"50":{"start":{"line":199,"column":4},"end":{"line":199,"column":62}},"51":{"start":{"line":202,"column":4},"end":{"line":202,"column":18}},"52":{"start":{"line":203,"column":4},"end":{"line":203,"column":52}},"53":{"start":{"line":214,"column":2},"end":{"line":222,"column":3}},"54":{"start":{"line":215,"column":21},"end":{"line":215,"column":43}},"55":{"start":{"line":216,"column":20},"end":{"line":216,"column":47}},"56":{"start":{"line":217,"column":4},"end":{"line":217,"column":35}},"57":{"start":{"line":220,"column":4},"end":{"line":220,"column":18}},"58":{"start":{"line":221,"column":4},"end":{"line":221,"column":52}},"59":{"start":{"line":231,"column":2},"end":{"line":236,"column":3}},"60":{"start":{"line":232,"column":4},"end":{"line":232,"column":44}},"61":{"start":{"line":235,"column":4},"end":{"line":235,"column":49}},"62":{"start":{"line":247,"column":2},"end":{"line":247,"column":30}},"63":{"start":{"line":259,"column":2},"end":{"line":289,"column":3}},"64":{"start":{"line":260,"column":30},"end":{"line":260,"column":34}},"65":{"start":{"line":261,"column":14},"end":{"line":261,"column":46}},"66":{"start":{"line":263,"column":4},"end":{"line":263,"column":21}},"67":{"start":{"line":265,"column":4},"end":{"line":267,"column":6}},"68":{"start":{"line":266,"column":6},"end":{"line":266,"column":62}},"69":{"start":{"line":269,"column":4},"end":{"line":271,"column":6}},"70":{"start":{"line":270,"column":6},"end":{"line":270,"column":46}},"71":{"start":{"line":273,"column":4},"end":{"line":276,"column":6}},"72":{"start":{"line":274,"column":16},"end":{"line":274,"column":48}},"73":{"start":{"line":275,"column":6},"end":{"line":275,"column":26}},"74":{"start":{"line":278,"column":13},"end":{"line":278,"column":24}},"75":{"start":{"line":279,"column":15},"end":{"line":279,"column":25}},"76":{"start":{"line":281,"column":4},"end":{"line":284,"column":5}},"77":{"start":{"line":287,"column":4},"end":{"line":287,"column":18}},"78":{"start":{"line":288,"column":4},"end":{"line":288,"column":45}},"79":{"start":{"line":307,"column":70},"end":{"line":307,"column":74}},"80":{"start":{"line":309,"column":2},"end":{"line":312,"column":3}},"81":{"start":{"line":311,"column":4},"end":{"line":311,"column":54}},"82":{"start":{"line":314,"column":2},"end":{"line":316,"column":3}},"83":{"start":{"line":315,"column":4},"end":{"line":315,"column":61}},"84":{"start":{"line":318,"column":2},"end":{"line":352,"column":3}},"85":{"start":{"line":319,"column":17},"end":{"line":326,"column":5}},"86":{"start":{"line":328,"column":4},"end":{"line":330,"column":5}},"87":{"start":{"line":329,"column":6},"end":{"line":329,"column":29}},"88":{"start":{"line":332,"column":4},"end":{"line":334,"column":5}},"89":{"start":{"line":333,"column":6},"end":{"line":333,"column":29}},"90":{"start":{"line":336,"column":15},"end":{"line":336,"column":38}},"91":{"start":{"line":337,"column":29},"end":{"line":337,"column":57}},"92":{"start":{"line":339,"column":4},"end":{"line":339,"column":29}},"93":{"start":{"line":341,"column":25},"end":{"line":341,"column":39}},"94":{"start":{"line":342,"column":17},"end":{"line":342,"column":42}},"95":{"start":{"line":344,"column":4},"end":{"line":347,"column":5}},"96":{"start":{"line":350,"column":4},"end":{"line":350,"column":18}},"97":{"start":{"line":351,"column":4},"end":{"line":351,"column":45}},"98":{"start":{"line":364,"column":2},"end":{"line":396,"column":3}},"99":{"start":{"line":365,"column":30},"end":{"line":365,"column":34}},"100":{"start":{"line":366,"column":24},"end":{"line":366,"column":52}},"101":{"start":{"line":366,"column":43},"end":{"line":366,"column":51}},"102":{"start":{"line":367,"column":18},"end":{"line":373,"column":6}},"103":{"start":{"line":368,"column":6},"end":{"line":368,"column":42}},"104":{"start":{"line":369,"column":6},"end":{"line":369,"column":36}},"105":{"start":{"line":370,"column":6},"end":{"line":370,"column":49}},"106":{"start":{"line":372,"column":6},"end":{"line":372,"column":17}},"107":{"start":{"line":375,"column":32},"end":{"line":380,"column":6}},"108":{"start":{"line":376,"column":6},"end":{"line":376,"column":49}},"109":{"start":{"line":377,"column":6},"end":{"line":377,"column":36}},"110":{"start":{"line":379,"column":6},"end":{"line":379,"column":17}},"111":{"start":{"line":381,"column":15},"end":{"line":384,"column":24}},"112":{"start":{"line":386,"column":19},"end":{"line":386,"column":33}},"113":{"start":{"line":388,"column":4},"end":{"line":391,"column":5}},"114":{"start":{"line":394,"column":4},"end":{"line":394,"column":18}},"115":{"start":{"line":395,"column":4},"end":{"line":395,"column":45}},"116":{"start":{"line":406,"column":2},"end":{"line":413,"column":3}},"117":{"start":{"line":407,"column":26},"end":{"line":407,"column":47}},"118":{"start":{"line":409,"column":4},"end":{"line":409,"column":33}},"119":{"start":{"line":411,"column":4},"end":{"line":411,"column":18}},"120":{"start":{"line":412,"column":4},"end":{"line":412,"column":48}},"121":{"start":{"line":424,"column":2},"end":{"line":430,"column":3}},"122":{"start":{"line":425,"column":16},"end":{"line":425,"column":50}},"123":{"start":{"line":427,"column":4},"end":{"line":427,"column":31}},"124":{"start":{"line":429,"column":4},"end":{"line":429,"column":57}}},"fnMap":{"0":{"name":"generateMnemonic","decl":{"start":{"line":18,"column":16},"end":{"line":18,"column":32}},"loc":{"start":{"line":18,"column":55},"end":{"line":26,"column":1}},"line":18},"1":{"name":"mnemonicToSeed","decl":{"start":{"line":33,"column":16},"end":{"line":33,"column":30}},"loc":{"start":{"line":33,"column":42},"end":{"line":41,"column":1}},"line":33},"2":{"name":"mnemonicToEntropy","decl":{"start":{"line":48,"column":16},"end":{"line":48,"column":33}},"loc":{"start":{"line":48,"column":45},"end":{"line":56,"column":1}},"line":48},"3":{"name":"hdFromSeed","decl":{"start":{"line":63,"column":16},"end":{"line":63,"column":26}},"loc":{"start":{"line":63,"column":34},"end":{"line":71,"column":1}},"line":63},"4":{"name":"hdFromXprv","decl":{"start":{"line":79,"column":16},"end":{"line":79,"column":26}},"loc":{"start":{"line":79,"column":34},"end":{"line":87,"column":1}},"line":79},"5":{"name":"getXprv","decl":{"start":{"line":94,"column":16},"end":{"line":94,"column":23}},"loc":{"start":{"line":94,"column":29},"end":{"line":102,"column":1}},"line":94},"6":{"name":"derive","decl":{"start":{"line":111,"column":16},"end":{"line":111,"column":22}},"loc":{"start":{"line":111,"column":34},"end":{"line":133,"column":1}},"line":111},"7":{"name":"getBtcAddress","decl":{"start":{"line":142,"column":16},"end":{"line":142,"column":29}},"loc":{"start":{"line":142,"column":53},"end":{"line":154,"column":1}},"line":142},"8":{"name":"getEthPrivateKey","decl":{"start":{"line":162,"column":16},"end":{"line":162,"column":32}},"loc":{"start":{"line":162,"column":40},"end":{"line":170,"column":1}},"line":162},"9":{"name":"getEthPublicKey","decl":{"start":{"line":178,"column":16},"end":{"line":178,"column":31}},"loc":{"start":{"line":178,"column":45},"end":{"line":186,"column":1}},"line":178},"10":{"name":"getEthAddress","decl":{"start":{"line":194,"column":16},"end":{"line":194,"column":29}},"loc":{"start":{"line":194,"column":42},"end":{"line":205,"column":1}},"line":194},"11":{"name":"getEthAddressByNode","decl":{"start":{"line":213,"column":16},"end":{"line":213,"column":35}},"loc":{"start":{"line":213,"column":43},"end":{"line":223,"column":1}},"line":213},"12":{"name":"privateKeyToWIF","decl":{"start":{"line":230,"column":16},"end":{"line":230,"column":31}},"loc":{"start":{"line":230,"column":45},"end":{"line":237,"column":1}},"line":230},"13":{"name":"calcBtcTxSize","decl":{"start":{"line":246,"column":16},"end":{"line":246,"column":29}},"loc":{"start":{"line":246,"column":45},"end":{"line":248,"column":1}},"line":246},"14":{"name":"makeRawBtcTx","decl":{"start":{"line":258,"column":16},"end":{"line":258,"column":28}},"loc":{"start":{"line":258,"column":41},"end":{"line":290,"column":1}},"line":258},"15":{"name":"(anonymous_15)","decl":{"start":{"line":265,"column":19},"end":{"line":265,"column":20}},"loc":{"start":{"line":265,"column":29},"end":{"line":267,"column":5}},"line":265},"16":{"name":"(anonymous_16)","decl":{"start":{"line":269,"column":20},"end":{"line":269,"column":21}},"loc":{"start":{"line":269,"column":30},"end":{"line":271,"column":5}},"line":269},"17":{"name":"(anonymous_17)","decl":{"start":{"line":273,"column":19},"end":{"line":273,"column":20}},"loc":{"start":{"line":273,"column":36},"end":{"line":276,"column":5}},"line":273},"18":{"name":"makeRawEthTx","decl":{"start":{"line":306,"column":16},"end":{"line":306,"column":28}},"loc":{"start":{"line":306,"column":41},"end":{"line":353,"column":1}},"line":306},"19":{"name":"makeRawBchTx","decl":{"start":{"line":363,"column":16},"end":{"line":363,"column":28}},"loc":{"start":{"line":363,"column":41},"end":{"line":397,"column":1}},"line":363},"20":{"name":"(anonymous_20)","decl":{"start":{"line":366,"column":35},"end":{"line":366,"column":36}},"loc":{"start":{"line":366,"column":43},"end":{"line":366,"column":51}},"line":366},"21":{"name":"(anonymous_21)","decl":{"start":{"line":367,"column":29},"end":{"line":367,"column":30}},"loc":{"start":{"line":367,"column":37},"end":{"line":373,"column":5}},"line":367},"22":{"name":"(anonymous_22)","decl":{"start":{"line":375,"column":44},"end":{"line":375,"column":45}},"loc":{"start":{"line":375,"column":52},"end":{"line":380,"column":5}},"line":375},"23":{"name":"getCashAddress","decl":{"start":{"line":405,"column":16},"end":{"line":405,"column":30}},"loc":{"start":{"line":405,"column":46},"end":{"line":414,"column":1}},"line":405},"24":{"name":"getBtcPrivateKeyByIndex","decl":{"start":{"line":423,"column":16},"end":{"line":423,"column":39}},"loc":{"start":{"line":423,"column":54},"end":{"line":431,"column":1}},"line":423}},"branchMap":{"0":{"loc":{"start":{"line":18,"column":34},"end":{"line":18,"column":53}},"type":"default-arg","locations":[{"start":{"line":18,"column":50},"end":{"line":18,"column":53}}],"line":18},"1":{"loc":{"start":{"line":112,"column":2},"end":{"line":114,"column":3}},"type":"if","locations":[{"start":{"line":112,"column":2},"end":{"line":114,"column":3}},{"start":{"line":112,"column":2},"end":{"line":114,"column":3}}],"line":112},"2":{"loc":{"start":{"line":116,"column":2},"end":{"line":118,"column":3}},"type":"if","locations":[{"start":{"line":116,"column":2},"end":{"line":118,"column":3}},{"start":{"line":116,"column":2},"end":{"line":118,"column":3}}],"line":116},"3":{"loc":{"start":{"line":122,"column":2},"end":{"line":124,"column":3}},"type":"if","locations":[{"start":{"line":122,"column":2},"end":{"line":124,"column":3}},{"start":{"line":122,"column":2},"end":{"line":124,"column":3}}],"line":122},"4":{"loc":{"start":{"line":142,"column":37},"end":{"line":142,"column":51}},"type":"default-arg","locations":[{"start":{"line":142,"column":50},"end":{"line":142,"column":51}}],"line":142},"5":{"loc":{"start":{"line":246,"column":31},"end":{"line":246,"column":36}},"type":"default-arg","locations":[{"start":{"line":246,"column":35},"end":{"line":246,"column":36}}],"line":246},"6":{"loc":{"start":{"line":246,"column":38},"end":{"line":246,"column":43}},"type":"default-arg","locations":[{"start":{"line":246,"column":42},"end":{"line":246,"column":43}}],"line":246},"7":{"loc":{"start":{"line":258,"column":30},"end":{"line":258,"column":39}},"type":"default-arg","locations":[{"start":{"line":258,"column":37},"end":{"line":258,"column":39}}],"line":258},"8":{"loc":{"start":{"line":306,"column":30},"end":{"line":306,"column":39}},"type":"default-arg","locations":[{"start":{"line":306,"column":37},"end":{"line":306,"column":39}}],"line":306},"9":{"loc":{"start":{"line":309,"column":2},"end":{"line":312,"column":3}},"type":"if","locations":[{"start":{"line":309,"column":2},"end":{"line":312,"column":3}},{"start":{"line":309,"column":2},"end":{"line":312,"column":3}}],"line":309},"10":{"loc":{"start":{"line":309,"column":6},"end":{"line":310,"column":19}},"type":"binary-expr","locations":[{"start":{"line":309,"column":6},"end":{"line":309,"column":18}},{"start":{"line":309,"column":22},"end":{"line":309,"column":34}},{"start":{"line":309,"column":38},"end":{"line":309,"column":53}},{"start":{"line":310,"column":4},"end":{"line":310,"column":19}}],"line":309},"11":{"loc":{"start":{"line":314,"column":2},"end":{"line":316,"column":3}},"type":"if","locations":[{"start":{"line":314,"column":2},"end":{"line":316,"column":3}},{"start":{"line":314,"column":2},"end":{"line":316,"column":3}}],"line":314},"12":{"loc":{"start":{"line":328,"column":4},"end":{"line":330,"column":5}},"type":"if","locations":[{"start":{"line":328,"column":4},"end":{"line":330,"column":5}},{"start":{"line":328,"column":4},"end":{"line":330,"column":5}}],"line":328},"13":{"loc":{"start":{"line":328,"column":8},"end":{"line":328,"column":48}},"type":"binary-expr","locations":[{"start":{"line":328,"column":8},"end":{"line":328,"column":35}},{"start":{"line":328,"column":39},"end":{"line":328,"column":48}}],"line":328},"14":{"loc":{"start":{"line":332,"column":4},"end":{"line":334,"column":5}},"type":"if","locations":[{"start":{"line":332,"column":4},"end":{"line":334,"column":5}},{"start":{"line":332,"column":4},"end":{"line":334,"column":5}}],"line":332},"15":{"loc":{"start":{"line":332,"column":8},"end":{"line":332,"column":48}},"type":"binary-expr","locations":[{"start":{"line":332,"column":8},"end":{"line":332,"column":35}},{"start":{"line":332,"column":39},"end":{"line":332,"column":48}}],"line":332},"16":{"loc":{"start":{"line":363,"column":30},"end":{"line":363,"column":39}},"type":"default-arg","locations":[{"start":{"line":363,"column":37},"end":{"line":363,"column":39}}],"line":363},"17":{"loc":{"start":{"line":405,"column":32},"end":{"line":405,"column":44}},"type":"default-arg","locations":[{"start":{"line":405,"column":42},"end":{"line":405,"column":44}}],"line":405}},"s":{"0":0,"1":0,"2":0,"3":0,"4":1,"5":1,"6":0,"7":0,"8":0,"9":0,"10":0,"11":0,"12":1,"13":1,"14":0,"15":0,"16":0,"17":0,"18":0,"19":0,"20":1,"21":1,"22":0,"23":0,"24":5,"25":0,"26":5,"27":0,"28":5,"29":5,"30":0,"31":5,"32":5,"33":0,"34":0,"35":2,"36":2,"37":2,"38":0,"39":0,"40":1,"41":1,"42":0,"43":0,"44":1,"45":1,"46":0,"47":0,"48":1,"49":1,"50":1,"51":0,"52":0,"53":0,"54":0,"55":0,"56":0,"57":0,"58":0,"59":0,"60":0,"61":0,"62":0,"63":0,"64":0,"65":0,"66":0,"67":0,"68":0,"69":0,"70":0,"71":0,"72":0,"73":0,"74":0,"75":0,"76":0,"77":0,"78":0,"79":0,"80":0,"81":0,"82":0,"83":0,"84":0,"85":0,"86":0,"87":0,"88":0,"89":0,"90":0,"91":0,"92":0,"93":0,"94":0,"95":0,"96":0,"97":0,"98":0,"99":0,"100":0,"101":0,"102":0,"103":0,"104":0,"105":0,"106":0,"107":0,"108":0,"109":0,"110":0,"111":0,"112":0,"113":0,"114":0,"115":0,"116":0,"117":0,"118":0,"119":0,"120":0,"121":0,"122":0,"123":0,"124":0},"f":{"0":0,"1":1,"2":0,"3":1,"4":0,"5":1,"6":5,"7":2,"8":1,"9":1,"10":1,"11":0,"12":0,"13":0,"14":0,"15":0,"16":0,"17":0,"18":0,"19":0,"20":0,"21":0,"22":0,"23":0,"24":0},"b":{"0":[0],"1":[0,5],"2":[0,5],"3":[0,5],"4":[0],"5":[0],"6":[0],"7":[0],"8":[0],"9":[0,0],"10":[0,0,0,0],"11":[0,0],"12":[0,0],"13":[0,0],"14":[0,0],"15":[0,0],"16":[0],"17":[0]},"_coverageSchema":"1a1c01bbd47fc00a2c39e90264f33305004495a9","hash":"b5c8e200ab1aac075a705fabbc1bcf6ffefd9c33"}
,"/Users/user/work/lumi-web-core/src/helpers/errors.js": {"path":"/Users/user/work/lumi-web-core/src/helpers/errors.js","statementMap":{},"fnMap":{},"branchMap":{},"s":{},"f":{},"b":{},"_coverageSchema":"1a1c01bbd47fc00a2c39e90264f33305004495a9","hash":"0e772b251c47e75d921f11785f6727c892aaa539"}
,"/Users/user/work/lumi-web-core/src/helpers/handleErrors.js": {"path":"/Users/user/work/lumi-web-core/src/helpers/handleErrors.js","statementMap":{"0":{"start":{"line":11,"column":4},"end":{"line":11,"column":15}},"1":{"start":{"line":12,"column":4},"end":{"line":12,"column":29}},"2":{"start":{"line":13,"column":4},"end":{"line":13,"column":94}},"3":{"start":{"line":15,"column":4},"end":{"line":19,"column":5}},"4":{"start":{"line":16,"column":6},"end":{"line":16,"column":53}},"5":{"start":{"line":18,"column":6},"end":{"line":18,"column":38}}},"fnMap":{"0":{"name":"(anonymous_0)","decl":{"start":{"line":10,"column":2},"end":{"line":10,"column":3}},"loc":{"start":{"line":10,"column":20},"end":{"line":20,"column":3}},"line":10}},"branchMap":{"0":{"loc":{"start":{"line":13,"column":19},"end":{"line":13,"column":94}},"type":"cond-expr","locations":[{"start":{"line":13,"column":49},"end":{"line":13,"column":75}},{"start":{"line":13,"column":78},"end":{"line":13,"column":94}}],"line":13},"1":{"loc":{"start":{"line":15,"column":4},"end":{"line":19,"column":5}},"type":"if","locations":[{"start":{"line":15,"column":4},"end":{"line":19,"column":5}},{"start":{"line":15,"column":4},"end":{"line":19,"column":5}}],"line":15}},"s":{"0":1,"1":1,"2":1,"3":1,"4":1,"5":0},"f":{"0":1},"b":{"0":[1,0],"1":[1,0]},"_coverageSchema":"1a1c01bbd47fc00a2c39e90264f33305004495a9","hash":"c20cc4c8ba9e00e8d7b24fbf2398bd05e080e6cb"}
}
