TN:
SF:src/class/Core.js
FN:20,(anonymous_0)
FN:53,(anonymous_1)
FN:79,(anonymous_2)
FN:92,(anonymous_3)
FN:109,(anonymous_4)
FN:120,(anonymous_5)
FN:135,(anonymous_6)
FN:151,(anonymous_7)
FN:168,(anonymous_8)
FN:214,(anonymous_9)
FN:218,(anonymous_10)
FN:238,(anonymous_11)
FN:254,(anonymous_12)
FNF:13
FNH:8
FNDA:2,(anonymous_0)
FNDA:2,(anonymous_1)
FNDA:0,(anonymous_2)
FNDA:2,(anonymous_3)
FNDA:0,(anonymous_4)
FNDA:1,(anonymous_5)
FNDA:1,(anonymous_6)
FNDA:1,(anonymous_7)
FNDA:0,(anonymous_8)
FNDA:2,(anonymous_9)
FNDA:13,(anonymous_10)
FNDA:0,(anonymous_11)
FNDA:0,(anonymous_12)
DA:21,2
DA:22,2
DA:23,2
DA:24,2
DA:25,2
DA:26,2
DA:27,2
DA:28,2
DA:33,2
DA:39,2
DA:45,2
DA:54,2
DA:56,0
DA:57,0
DA:59,2
DA:60,1
DA:62,0
DA:63,0
DA:65,0
DA:68,1
DA:69,1
DA:70,1
DA:80,0
DA:81,0
DA:82,0
DA:83,0
DA:84,0
DA:93,2
DA:95,2
DA:96,0
DA:99,1
DA:100,1
DA:101,1
DA:110,0
DA:121,1
DA:122,1
DA:123,1
DA:124,1
DA:125,1
DA:136,1
DA:137,1
DA:138,1
DA:139,1
DA:140,1
DA:141,1
DA:152,1
DA:153,1
DA:154,1
DA:155,1
DA:156,1
DA:169,0
DA:171,0
DA:172,0
DA:174,0
DA:175,0
DA:178,0
DA:179,0
DA:181,0
DA:189,0
DA:190,0
DA:191,0
DA:192,0
DA:193,0
DA:194,0
DA:195,0
DA:196,0
DA:197,0
DA:198,0
DA:201,0
DA:204,0
DA:215,2
DA:216,2
DA:218,2
DA:219,13
DA:220,1
DA:224,2
DA:225,1
DA:228,1
DA:239,0
DA:247,0
DA:248,0
DA:251,0
DA:255,0
LF:83
LH:46
BRDA:54,0,0,0
BRDA:54,0,1,2
BRDA:54,0,2,0
BRDA:54,0,3,0
BRDA:95,1,0,0
BRDA:95,1,1,1
BRDA:168,2,0,0
BRDA:174,3,0,0
BRDA:174,3,1,0
BRDA:174,4,0,0
BRDA:174,4,1,0
BRDA:174,4,2,0
BRDA:219,5,0,1
BRDA:219,5,1,12
BRDA:224,6,0,1
BRDA:224,6,1,1
BRDA:247,7,0,0
BRDA:247,7,1,0
BRDA:261,8,0,0
BRDA:261,8,1,0
BRF:20
BRH:6
end_of_record
TN:
SF:src/helpers/coreHelper.js
FN:18,generateMnemonic
FN:33,mnemonicToSeed
FN:48,mnemonicToEntropy
FN:63,hdFromSeed
FN:79,hdFromXprv
FN:94,getXprv
FN:111,derive
FN:142,getBtcAddress
FN:162,getEthPrivateKey
FN:178,getEthPublicKey
FN:194,getEthAddress
FN:213,getEthAddressByNode
FN:230,privateKeyToWIF
FN:246,calcBtcTxSize
FN:258,makeRawBtcTx
FN:265,(anonymous_15)
FN:269,(anonymous_16)
FN:273,(anonymous_17)
FN:306,makeRawEthTx
FN:363,makeRawBchTx
FN:366,(anonymous_20)
FN:367,(anonymous_21)
FN:375,(anonymous_22)
FN:405,getCashAddress
FN:423,getBtcPrivateKeyByIndex
FNF:25
FNH:8
FNDA:0,generateMnemonic
FNDA:1,mnemonicToSeed
FNDA:0,mnemonicToEntropy
FNDA:1,hdFromSeed
FNDA:0,hdFromXprv
FNDA:1,getXprv
FNDA:5,derive
FNDA:2,getBtcAddress
FNDA:1,getEthPrivateKey
FNDA:1,getEthPublicKey
FNDA:1,getEthAddress
FNDA:0,getEthAddressByNode
FNDA:0,privateKeyToWIF
FNDA:0,calcBtcTxSize
FNDA:0,makeRawBtcTx
FNDA:0,(anonymous_15)
FNDA:0,(anonymous_16)
FNDA:0,(anonymous_17)
FNDA:0,makeRawEthTx
FNDA:0,makeRawBchTx
FNDA:0,(anonymous_20)
FNDA:0,(anonymous_21)
FNDA:0,(anonymous_22)
FNDA:0,getCashAddress
FNDA:0,getBtcPrivateKeyByIndex
DA:19,0
DA:20,0
DA:23,0
DA:24,0
DA:34,1
DA:35,1
DA:38,0
DA:39,0
DA:49,0
DA:50,0
DA:53,0
DA:54,0
DA:64,1
DA:65,1
DA:68,0
DA:69,0
DA:80,0
DA:81,0
DA:84,0
DA:85,0
DA:95,1
DA:96,1
DA:99,0
DA:100,0
DA:112,5
DA:113,0
DA:116,5
DA:117,0
DA:120,5
DA:122,5
DA:123,0
DA:126,5
DA:127,5
DA:130,0
DA:131,0
DA:143,2
DA:144,2
DA:146,2
DA:151,0
DA:152,0
DA:163,1
DA:164,1
DA:167,0
DA:168,0
DA:179,1
DA:180,1
DA:183,0
DA:184,0
DA:195,1
DA:196,1
DA:199,1
DA:202,0
DA:203,0
DA:214,0
DA:215,0
DA:216,0
DA:217,0
DA:220,0
DA:221,0
DA:231,0
DA:232,0
DA:235,0
DA:247,0
DA:259,0
DA:260,0
DA:261,0
DA:263,0
DA:265,0
DA:266,0
DA:269,0
DA:270,0
DA:273,0
DA:274,0
DA:275,0
DA:278,0
DA:279,0
DA:281,0
DA:287,0
DA:288,0
DA:307,0
DA:309,0
DA:311,0
DA:314,0
DA:315,0
DA:318,0
DA:319,0
DA:328,0
DA:329,0
DA:332,0
DA:333,0
DA:336,0
DA:337,0
DA:339,0
DA:341,0
DA:342,0
DA:344,0
DA:350,0
DA:351,0
DA:364,0
DA:365,0
DA:366,0
DA:367,0
DA:368,0
DA:369,0
DA:370,0
DA:372,0
DA:375,0
DA:376,0
DA:377,0
DA:379,0
DA:381,0
DA:386,0
DA:388,0
DA:394,0
DA:395,0
DA:406,0
DA:407,0
DA:409,0
DA:411,0
DA:412,0
DA:424,0
DA:425,0
DA:427,0
DA:429,0
LF:124
LH:22
BRDA:18,0,0,0
BRDA:112,1,0,0
BRDA:112,1,1,5
BRDA:116,2,0,0
BRDA:116,2,1,5
BRDA:122,3,0,0
BRDA:122,3,1,5
BRDA:142,4,0,0
BRDA:246,5,0,0
BRDA:246,6,0,0
BRDA:258,7,0,0
BRDA:306,8,0,0
BRDA:309,9,0,0
BRDA:309,9,1,0
BRDA:309,10,0,0
BRDA:309,10,1,0
BRDA:309,10,2,0
BRDA:309,10,3,0
BRDA:314,11,0,0
BRDA:314,11,1,0
BRDA:328,12,0,0
BRDA:328,12,1,0
BRDA:328,13,0,0
BRDA:328,13,1,0
BRDA:332,14,0,0
BRDA:332,14,1,0
BRDA:332,15,0,0
BRDA:332,15,1,0
BRDA:363,16,0,0
BRDA:405,17,0,0
BRF:30
BRH:3
end_of_record
TN:
SF:src/helpers/errors.js
FNF:0
FNH:0
LF:0
LH:0
BRF:0
BRH:0
end_of_record
TN:
SF:src/helpers/handleErrors.js
FN:10,(anonymous_0)
FNF:1
FNH:1
FNDA:1,(anonymous_0)
DA:11,1
DA:12,1
DA:13,1
DA:15,1
DA:16,1
DA:18,0
LF:6
LH:5
BRDA:13,0,0,1
BRDA:13,0,1,0
BRDA:15,1,0,1
BRDA:15,1,1,0
BRF:4
BRH:2
end_of_record
